

Started GET "/" for 127.0.0.1 at 2013-08-23 18:16:27 -0700

PG::ConnectionBad - FATAL:  Peer authentication failed for user "jchan"
:
  activerecord (4.0.0) lib/active_record/connection_adapters/postgresql_adapter.rb:825:in `initialize'
  activerecord (4.0.0) lib/active_record/connection_adapters/postgresql_adapter.rb:825:in `new'
  activerecord (4.0.0) lib/active_record/connection_adapters/postgresql_adapter.rb:825:in `connect'
  activerecord (4.0.0) lib/active_record/connection_adapters/postgresql_adapter.rb:542:in `initialize'
  activerecord (4.0.0) lib/active_record/connection_adapters/postgresql_adapter.rb:41:in `new'
  activerecord (4.0.0) lib/active_record/connection_adapters/postgresql_adapter.rb:41:in `postgresql_connection'
  activerecord (4.0.0) lib/active_record/connection_adapters/abstract/connection_pool.rb:440:in `new_connection'
  activerecord (4.0.0) lib/active_record/connection_adapters/abstract/connection_pool.rb:450:in `checkout_new_connection'
  activerecord (4.0.0) lib/active_record/connection_adapters/abstract/connection_pool.rb:421:in `acquire_connection'
  activerecord (4.0.0) lib/active_record/connection_adapters/abstract/connection_pool.rb:356:in `block in checkout'
  /home/apierce1/.rvm/rubies/ruby-2.0.0-p247/lib/ruby/2.0.0/monitor.rb:211:in `mon_synchronize'
  activerecord (4.0.0) lib/active_record/connection_adapters/abstract/connection_pool.rb:355:in `checkout'
  activerecord (4.0.0) lib/active_record/connection_adapters/abstract/connection_pool.rb:265:in `block in connection'
  /home/apierce1/.rvm/rubies/ruby-2.0.0-p247/lib/ruby/2.0.0/monitor.rb:211:in `mon_synchronize'
  activerecord (4.0.0) lib/active_record/connection_adapters/abstract/connection_pool.rb:264:in `connection'
  activerecord (4.0.0) lib/active_record/connection_adapters/abstract/connection_pool.rb:546:in `retrieve_connection'
  activerecord (4.0.0) lib/active_record/connection_handling.rb:79:in `retrieve_connection'
  activerecord (4.0.0) lib/active_record/connection_handling.rb:53:in `connection'
  activerecord (4.0.0) lib/active_record/migration.rb:792:in `current_version'
  activerecord (4.0.0) lib/active_record/migration.rb:800:in `needs_migration?'
  activerecord (4.0.0) lib/active_record/migration.rb:379:in `check_pending!'
  activerecord (4.0.0) lib/active_record/migration.rb:366:in `call'
  actionpack (4.0.0) lib/action_dispatch/middleware/callbacks.rb:29:in `block in call'
  activesupport (4.0.0) lib/active_support/callbacks.rb:373:in `_run__4317759424242041359__call__callbacks'
  activesupport (4.0.0) lib/active_support/callbacks.rb:80:in `run_callbacks'
  actionpack (4.0.0) lib/action_dispatch/middleware/callbacks.rb:27:in `call'
  actionpack (4.0.0) lib/action_dispatch/middleware/reloader.rb:64:in `call'
  actionpack (4.0.0) lib/action_dispatch/middleware/remote_ip.rb:76:in `call'
  better_errors (0.9.0) lib/better_errors/middleware.rb:84:in `protected_app_call'
  better_errors (0.9.0) lib/better_errors/middleware.rb:79:in `better_errors_call'
  better_errors (0.9.0) lib/better_errors/middleware.rb:56:in `call'
  actionpack (4.0.0) lib/action_dispatch/middleware/debug_exceptions.rb:17:in `call'
  actionpack (4.0.0) lib/action_dispatch/middleware/show_exceptions.rb:30:in `call'
  railties (4.0.0) lib/rails/rack/logger.rb:38:in `call_app'
  railties (4.0.0) lib/rails/rack/logger.rb:21:in `block in call'
  activesupport (4.0.0) lib/active_support/tagged_logging.rb:67:in `block in tagged'
  activesupport (4.0.0) lib/active_support/tagged_logging.rb:25:in `tagged'
  activesupport (4.0.0) lib/active_support/tagged_logging.rb:67:in `tagged'
  railties (4.0.0) lib/rails/rack/logger.rb:21:in `call'
  actionpack (4.0.0) lib/action_dispatch/middleware/request_id.rb:21:in `call'
  rack (1.5.2) lib/rack/methodoverride.rb:21:in `call'
  rack (1.5.2) lib/rack/runtime.rb:17:in `call'
  activesupport (4.0.0) lib/active_support/cache/strategy/local_cache.rb:83:in `call'
  rack (1.5.2) lib/rack/lock.rb:17:in `call'
  actionpack (4.0.0) lib/action_dispatch/middleware/static.rb:64:in `call'
  railties (4.0.0) lib/rails/engine.rb:511:in `call'
  railties (4.0.0) lib/rails/application.rb:97:in `call'
  rack (1.5.2) lib/rack/lock.rb:17:in `call'
  rack (1.5.2) lib/rack/content_length.rb:14:in `call'
  rack (1.5.2) lib/rack/handler/webrick.rb:60:in `service'
  /home/apierce1/.rvm/rubies/ruby-2.0.0-p247/lib/ruby/2.0.0/webrick/httpserver.rb:138:in `service'
  /home/apierce1/.rvm/rubies/ruby-2.0.0-p247/lib/ruby/2.0.0/webrick/httpserver.rb:94:in `run'
  /home/apierce1/.rvm/rubies/ruby-2.0.0-p247/lib/ruby/2.0.0/webrick/server.rb:295:in `block in start_thread'



Started POST "/__better_errors/29846360/variables" for 127.0.0.1 at 2013-08-23 18:16:27 -0700
  [1m[36m (6.7ms)[0m  [1mCREATE TABLE "schema_migrations" ("version" character varying(255) NOT NULL) [0m
  [1m[35m (5.1ms)[0m  CREATE UNIQUE INDEX "unique_schema_migrations" ON "schema_migrations" ("version")
  [1m[36mActiveRecord::SchemaMigration Load (0.4ms)[0m  [1mSELECT "schema_migrations".* FROM "schema_migrations"[0m
Migrating to CreateUsers (20130423044321)
  [1m[35m (0.1ms)[0m  BEGIN
  [1m[36m (23.7ms)[0m  [1mCREATE TABLE "users" ("id" serial primary key, "name" character varying(255), "email" character varying(255), "created_at" timestamp, "updated_at" timestamp) [0m
  [1m[35mSQL (5.3ms)[0m  INSERT INTO "schema_migrations" ("version") VALUES ($1)  [["version", "20130423044321"]]
  [1m[36m (1.0ms)[0m  [1mCOMMIT[0m
Migrating to AddIndexToUsersEmail (20130423054211)
  [1m[35m (0.2ms)[0m  BEGIN
  [1m[36m (2.4ms)[0m  [1mCREATE UNIQUE INDEX "index_users_on_email" ON "users" ("email")[0m
  [1m[35mSQL (0.8ms)[0m  INSERT INTO "schema_migrations" ("version") VALUES ($1)  [["version", "20130423054211"]]
  [1m[36m (2.6ms)[0m  [1mCOMMIT[0m
Migrating to AddDetailsToUser (20130427222247)
  [1m[35m (0.2ms)[0m  BEGIN
  [1m[36m (0.3ms)[0m  [1mALTER TABLE "users" ADD COLUMN "pword" character varying(255)[0m
  [1m[35m (0.3ms)[0m  ALTER TABLE "users" ADD COLUMN "string" character varying(255)
  [1m[36mSQL (0.3ms)[0m  [1mINSERT INTO "schema_migrations" ("version") VALUES ($1)[0m  [["version", "20130427222247"]]
  [1m[35m (0.8ms)[0m  COMMIT
Migrating to RemoveFieldNameFromUser (20130427223514)
  [1m[36m (0.2ms)[0m  [1mBEGIN[0m
  [1m[35m (0.5ms)[0m  ALTER TABLE "users" DROP "pword"
  [1m[36mSQL (1.6ms)[0m  [1mINSERT INTO "schema_migrations" ("version") VALUES ($1)[0m  [["version", "20130427223514"]]
  [1m[35m (1.3ms)[0m  COMMIT
Migrating to AddPasswordDigestToUsers (20130427223542)
  [1m[36m (0.1ms)[0m  [1mBEGIN[0m
  [1m[35m (0.4ms)[0m  ALTER TABLE "users" ADD COLUMN "password_digest" character varying(255)
  [1m[36mSQL (0.3ms)[0m  [1mINSERT INTO "schema_migrations" ("version") VALUES ($1)[0m  [["version", "20130427223542"]]
  [1m[35m (0.7ms)[0m  COMMIT
Migrating to AddAuthTokenToUsers (20130429000826)
  [1m[36m (0.2ms)[0m  [1mBEGIN[0m
  [1m[35m (0.4ms)[0m  ALTER TABLE "users" ADD COLUMN "auth_token" character varying(255)
  [1m[36m (5.0ms)[0m  [1mCREATE INDEX "index_users_on_auth_token" ON "users" ("auth_token")[0m
  [1m[35mSQL (0.3ms)[0m  INSERT INTO "schema_migrations" ("version") VALUES ($1)  [["version", "20130429000826"]]
  [1m[36m (0.7ms)[0m  [1mCOMMIT[0m
Migrating to CreateProjects (20130611030252)
  [1m[35m (0.1ms)[0m  BEGIN
  [1m[36m (13.4ms)[0m  [1mCREATE TABLE "projects" ("id" serial primary key, "content" character varying(255), "title" character varying(255), "created_at" timestamp, "updated_at" timestamp) [0m
  [1m[35mSQL (0.2ms)[0m  INSERT INTO "schema_migrations" ("version") VALUES ($1)  [["version", "20130611030252"]]
  [1m[36m (1.5ms)[0m  [1mCOMMIT[0m
Migrating to AddUserIdToProjects (20130611030706)
  [1m[35m (0.7ms)[0m  BEGIN
  [1m[36m (0.4ms)[0m  [1mALTER TABLE "projects" ADD COLUMN "user_id" integer[0m
  [1m[35mSQL (0.3ms)[0m  INSERT INTO "schema_migrations" ("version") VALUES ($1)  [["version", "20130611030706"]]
  [1m[36m (0.8ms)[0m  [1mCOMMIT[0m
Migrating to CreateBlogs (20130614034420)
  [1m[35m (0.1ms)[0m  BEGIN
  [1m[36m (14.6ms)[0m  [1mCREATE TABLE "blogs" ("id" serial primary key, "content" character varying(255), "title" character varying(255), "created_at" timestamp, "updated_at" timestamp) [0m
  [1m[35mSQL (0.2ms)[0m  INSERT INTO "schema_migrations" ("version") VALUES ($1)  [["version", "20130614034420"]]
  [1m[36m (1.8ms)[0m  [1mCOMMIT[0m
Migrating to AddUserIdToBlogs (20130629180005)
  [1m[35m (0.2ms)[0m  BEGIN
  [1m[36m (0.3ms)[0m  [1mALTER TABLE "blogs" ADD COLUMN "user_id" integer[0m
  [1m[35mSQL (0.3ms)[0m  INSERT INTO "schema_migrations" ("version") VALUES ($1)  [["version", "20130629180005"]]
  [1m[36m (0.7ms)[0m  [1mCOMMIT[0m
Migrating to CreateBlogentries (20130629181837)
  [1m[35m (0.1ms)[0m  BEGIN
  [1m[36m (11.7ms)[0m  [1mCREATE TABLE "blogentries" ("id" serial primary key, "title" character varying(255), "content" text, "blog_id" integer, "created_at" timestamp, "updated_at" timestamp) [0m
  [1m[35mSQL (0.3ms)[0m  INSERT INTO "schema_migrations" ("version") VALUES ($1)  [["version", "20130629181837"]]
  [1m[36m (2.2ms)[0m  [1mCOMMIT[0m
Migrating to AddUsernameToUser (20130630231511)
  [1m[35m (1.2ms)[0m  BEGIN
  [1m[36m (0.6ms)[0m  [1mALTER TABLE "users" ADD COLUMN "username" character varying(255)[0m
  [1m[35mSQL (0.4ms)[0m  INSERT INTO "schema_migrations" ("version") VALUES ($1)  [["version", "20130630231511"]]
  [1m[36m (3.8ms)[0m  [1mCOMMIT[0m
Migrating to AddIndexToUsersUsername (20130630232137)
  [1m[35m (0.3ms)[0m  BEGIN
  [1m[36m (2.4ms)[0m  [1mCREATE UNIQUE INDEX "index_users_on_username" ON "users" ("username")[0m
  [1m[35mSQL (0.2ms)[0m  INSERT INTO "schema_migrations" ("version") VALUES ($1)  [["version", "20130630232137"]]
  [1m[36m (0.7ms)[0m  [1mCOMMIT[0m
Migrating to RemoveIndexFromUsersEmail (20130630232308)
  [1m[35m (0.1ms)[0m  BEGIN
  [1m[36m (2.8ms)[0m  [1mDROP INDEX "index_users_on_email"[0m
  [1m[35mSQL (0.3ms)[0m  INSERT INTO "schema_migrations" ("version") VALUES ($1)  [["version", "20130630232308"]]
  [1m[36m (1.1ms)[0m  [1mCOMMIT[0m
Migrating to CreateCustompages (20130706223341)
  [1m[35m (0.1ms)[0m  BEGIN
  [1m[36m (6.2ms)[0m  [1mCREATE TABLE "custompages" ("id" serial primary key, "title" character varying(255), "content" text, "user_id" integer, "created_at" timestamp, "updated_at" timestamp) [0m
  [1m[35mSQL (0.3ms)[0m  INSERT INTO "schema_migrations" ("version") VALUES ($1)  [["version", "20130706223341"]]
  [1m[36m (5.8ms)[0m  [1mCOMMIT[0m
Migrating to ChangeProjectContentStrToText (20130722064417)
  [1m[35m (1.8ms)[0m  BEGIN
  [1m[36m (2.3ms)[0m  [1mALTER TABLE "projects" ALTER COLUMN "content" TYPE text[0m
  [1m[35mSQL (0.5ms)[0m  INSERT INTO "schema_migrations" ("version") VALUES ($1)  [["version", "20130722064417"]]
  [1m[36m (0.7ms)[0m  [1mCOMMIT[0m
Migrating to AddDraftBooleanToBlogentry (20130803061020)
  [1m[35m (0.1ms)[0m  BEGIN
  [1m[36m (14.0ms)[0m  [1mALTER TABLE "blogentries" ADD COLUMN "draft" boolean DEFAULT 'f'[0m
  [1m[35mSQL (1.0ms)[0m  INSERT INTO "schema_migrations" ("version") VALUES ($1)  [["version", "20130803061020"]]
  [1m[36m (1.6ms)[0m  [1mCOMMIT[0m
Migrating to AddDraftBooleanToBlog (20130803235214)
  [1m[35m (0.2ms)[0m  BEGIN
  [1m[36m (12.0ms)[0m  [1mALTER TABLE "blogs" ADD COLUMN "draft" boolean DEFAULT 'f'[0m
  [1m[35mSQL (1.7ms)[0m  INSERT INTO "schema_migrations" ("version") VALUES ($1)  [["version", "20130803235214"]]
  [1m[36m (1.7ms)[0m  [1mCOMMIT[0m
Migrating to AddDraftBooleanToProject (20130803235229)
  [1m[35m (0.2ms)[0m  BEGIN
  [1m[36m (6.3ms)[0m  [1mALTER TABLE "projects" ADD COLUMN "draft" boolean DEFAULT 'f'[0m
  [1m[35mSQL (0.3ms)[0m  INSERT INTO "schema_migrations" ("version") VALUES ($1)  [["version", "20130803235229"]]
  [1m[36m (7.9ms)[0m  [1mCOMMIT[0m
Migrating to AddDraftBooleanToCustom (20130803235239)
  [1m[35m (0.4ms)[0m  BEGIN
  [1m[36m (7.2ms)[0m  [1mALTER TABLE "custompages" ADD COLUMN "draft" boolean DEFAULT 'f'[0m
  [1m[35mSQL (0.3ms)[0m  INSERT INTO "schema_migrations" ("version") VALUES ($1)  [["version", "20130803235239"]]
  [1m[36m (1.6ms)[0m  [1mCOMMIT[0m
  [1m[35mActiveRecord::SchemaMigration Load (0.4ms)[0m  SELECT "schema_migrations".* FROM "schema_migrations"


Started GET "/" for 127.0.0.1 at 2013-08-23 18:30:05 -0700
  [1m[36mActiveRecord::SchemaMigration Load (0.3ms)[0m  [1mSELECT "schema_migrations".* FROM "schema_migrations"[0m
Processing by PagesController#home as HTML
  Rendered pages/home.html.erb within layouts/application (5.7ms)
  [1m[35mUser Load (0.7ms)[0m  SELECT "users".* FROM "users" ORDER BY "users"."id" ASC LIMIT 1
  Rendered layouts/_header.html.erb (40.4ms)
  Rendered layouts/_footer.html.erb (3.7ms)
Completed 200 OK in 3485ms (Views: 3450.6ms | ActiveRecord: 3.2ms)


Started GET "/assets/application.css?body=1" for 127.0.0.1 at 2013-08-23 18:30:09 -0700


Started GET "/assets/timepicker.css?body=1" for 127.0.0.1 at 2013-08-23 18:30:09 -0700


Started GET "/assets/redactor-editor.css?body=1" for 127.0.0.1 at 2013-08-23 18:30:09 -0700


Started GET "/assets/jquery-ui.css?body=1" for 127.0.0.1 at 2013-08-23 18:30:09 -0700


Started GET "/assets/custom.css?body=1" for 127.0.0.1 at 2013-08-23 18:30:09 -0700


Started GET "/assets/bootstrap.css?body=1" for 127.0.0.1 at 2013-08-23 18:30:09 -0700


Started GET "/assets/jquery.js?body=1" for 127.0.0.1 at 2013-08-23 18:30:09 -0700


Started GET "/assets/jquery_ujs.js?body=1" for 127.0.0.1 at 2013-08-23 18:30:09 -0700


Started GET "/assets/turbolinks.js?body=1" for 127.0.0.1 at 2013-08-23 18:30:09 -0700


Started GET "/assets/bootstrap.min.js?body=1" for 127.0.0.1 at 2013-08-23 18:30:09 -0700


Started GET "/assets/jquery-ui-1.10.1.min.js?body=1" for 127.0.0.1 at 2013-08-23 18:30:09 -0700


Started GET "/assets/jquery-ui-timepicker-addon.js?body=1" for 127.0.0.1 at 2013-08-23 18:30:09 -0700


Started GET "/assets/redactor-editor.js?body=1" for 127.0.0.1 at 2013-08-23 18:30:09 -0700


Started GET "/assets/application.js?body=1" for 127.0.0.1 at 2013-08-23 18:30:09 -0700


Started GET "/assets/ScratchCMS.png" for 127.0.0.1 at 2013-08-23 18:30:09 -0700


Started GET "/assets/builtfromScratchCMS.png" for 127.0.0.1 at 2013-08-23 18:30:09 -0700


Started GET "/about" for 127.0.0.1 at 2013-08-23 18:30:31 -0700
Processing by PagesController#about as HTML
  Parameters: {"mode"=>"main"}
  Rendered pages/about.html.erb within layouts/application (3.9ms)
  [1m[36mUser Load (0.6ms)[0m  [1mSELECT "users".* FROM "users" ORDER BY "users"."id" ASC LIMIT 1[0m
  Rendered layouts/_header.html.erb (7.9ms)
  Rendered layouts/_footer.html.erb (1.4ms)
Completed 200 OK in 30ms (Views: 27.1ms | ActiveRecord: 0.6ms)


Started GET "/" for 127.0.0.1 at 2013-08-23 18:41:18 -0700
  [1m[36mActiveRecord::SchemaMigration Load (0.3ms)[0m  [1mSELECT "schema_migrations".* FROM "schema_migrations"[0m
Processing by PagesController#home as HTML
  Rendered pages/home.html.erb within layouts/application (5.7ms)
  [1m[35mUser Load (0.8ms)[0m  SELECT "users".* FROM "users" ORDER BY "users"."id" ASC LIMIT 1
  Rendered layouts/_header.html.erb (98.6ms)
  Rendered layouts/_footer.html.erb (5.2ms)
Completed 200 OK in 318ms (Views: 290.4ms | ActiveRecord: 3.6ms)


Started GET "/assets/application.css?body=1" for 127.0.0.1 at 2013-08-23 18:41:19 -0700


Started GET "/assets/jquery-ui.css?body=1" for 127.0.0.1 at 2013-08-23 18:41:19 -0700


Started GET "/assets/custom.css?body=1" for 127.0.0.1 at 2013-08-23 18:41:19 -0700


Started GET "/assets/bootstrap.css?body=1" for 127.0.0.1 at 2013-08-23 18:41:19 -0700


Started GET "/assets/redactor-editor.css?body=1" for 127.0.0.1 at 2013-08-23 18:41:19 -0700


Started GET "/assets/jquery.js?body=1" for 127.0.0.1 at 2013-08-23 18:41:19 -0700


Started GET "/assets/timepicker.css?body=1" for 127.0.0.1 at 2013-08-23 18:41:19 -0700


Started GET "/assets/jquery_ujs.js?body=1" for 127.0.0.1 at 2013-08-23 18:41:19 -0700


Started GET "/assets/turbolinks.js?body=1" for 127.0.0.1 at 2013-08-23 18:41:19 -0700


Started GET "/assets/bootstrap.min.js?body=1" for 127.0.0.1 at 2013-08-23 18:41:19 -0700


Started GET "/assets/jquery-ui-1.10.1.min.js?body=1" for 127.0.0.1 at 2013-08-23 18:41:19 -0700


Started GET "/assets/jquery-ui-timepicker-addon.js?body=1" for 127.0.0.1 at 2013-08-23 18:41:19 -0700


Started GET "/assets/redactor-editor.js?body=1" for 127.0.0.1 at 2013-08-23 18:41:19 -0700


Started GET "/assets/application.js?body=1" for 127.0.0.1 at 2013-08-23 18:41:19 -0700


Started GET "/assets/ScratchCMS.png" for 127.0.0.1 at 2013-08-23 18:41:20 -0700


Started GET "/assets/builtfromScratchCMS.png" for 127.0.0.1 at 2013-08-23 18:41:20 -0700


Started GET "/about" for 127.0.0.1 at 2013-08-23 18:41:29 -0700
Processing by PagesController#about as HTML
  Parameters: {"mode"=>"main"}
  Rendered pages/about.html.erb within layouts/application (3.5ms)
  [1m[36mUser Load (0.6ms)[0m  [1mSELECT "users".* FROM "users" ORDER BY "users"."id" ASC LIMIT 1[0m
  Rendered layouts/_header.html.erb (14.1ms)
  Rendered layouts/_footer.html.erb (2.1ms)
Completed 200 OK in 36ms (Views: 33.2ms | ActiveRecord: 0.6ms)


Started GET "/signup" for 127.0.0.1 at 2013-08-23 18:41:31 -0700
Processing by UsersController#new as HTML
  [1m[35mUser Load (0.6ms)[0m  SELECT "users".* FROM "users" ORDER BY "users"."id" ASC LIMIT 1
  Rendered shared/_error_messages.html.erb (54.2ms)
  Rendered users/new.html.erb within layouts/application (99.6ms)
  [1m[36mUser Load (1.5ms)[0m  [1mSELECT "users".* FROM "users" WHERE "users"."auth_token" IS NULL LIMIT 1[0m
  Rendered layouts/_dashboard_header.html.erb (20.2ms)
  Rendered layouts/_footer.html.erb (0.8ms)
Completed 200 OK in 150ms (Views: 132.5ms | ActiveRecord: 2.1ms)


Started GET "/" for 127.0.0.1 at 2013-08-23 18:41:33 -0700
Processing by PagesController#home as HTML
  Rendered pages/home.html.erb within layouts/application (1.7ms)
  [1m[35mUser Load (3.5ms)[0m  SELECT "users".* FROM "users" ORDER BY "users"."id" ASC LIMIT 1
  Rendered layouts/_header.html.erb (14.7ms)
  Rendered layouts/_footer.html.erb (0.7ms)
Completed 200 OK in 29ms (Views: 23.9ms | ActiveRecord: 3.5ms)


Started GET "/" for 127.0.0.1 at 2013-08-23 18:41:34 -0700
Processing by PagesController#home as HTML
  Rendered pages/home.html.erb within layouts/application (1.0ms)
  [1m[36mUser Load (0.5ms)[0m  [1mSELECT "users".* FROM "users" ORDER BY "users"."id" ASC LIMIT 1[0m
  Rendered layouts/_header.html.erb (4.7ms)
  Rendered layouts/_footer.html.erb (0.7ms)
Completed 200 OK in 19ms (Views: 17.2ms | ActiveRecord: 0.5ms)


Started GET "/assets/application.css?body=1" for 127.0.0.1 at 2013-08-23 18:41:34 -0700


Started GET "/assets/custom.css?body=1" for 127.0.0.1 at 2013-08-23 18:41:34 -0700


Started GET "/assets/jquery-ui.css?body=1" for 127.0.0.1 at 2013-08-23 18:41:34 -0700


Started GET "/assets/redactor-editor.css?body=1" for 127.0.0.1 at 2013-08-23 18:41:34 -0700


Started GET "/assets/timepicker.css?body=1" for 127.0.0.1 at 2013-08-23 18:41:34 -0700


Started GET "/assets/jquery.js?body=1" for 127.0.0.1 at 2013-08-23 18:41:34 -0700


Started GET "/assets/bootstrap.css?body=1" for 127.0.0.1 at 2013-08-23 18:41:34 -0700


Started GET "/assets/bootstrap.min.js?body=1" for 127.0.0.1 at 2013-08-23 18:41:34 -0700


Started GET "/assets/jquery_ujs.js?body=1" for 127.0.0.1 at 2013-08-23 18:41:34 -0700


Started GET "/assets/turbolinks.js?body=1" for 127.0.0.1 at 2013-08-23 18:41:34 -0700


Started GET "/assets/jquery-ui-timepicker-addon.js?body=1" for 127.0.0.1 at 2013-08-23 18:41:34 -0700


Started GET "/assets/jquery-ui-1.10.1.min.js?body=1" for 127.0.0.1 at 2013-08-23 18:41:34 -0700


Started GET "/assets/redactor-editor.js?body=1" for 127.0.0.1 at 2013-08-23 18:41:34 -0700


Started GET "/assets/application.js?body=1" for 127.0.0.1 at 2013-08-23 18:41:34 -0700


Started GET "/assets/ScratchCMS.png" for 127.0.0.1 at 2013-08-23 18:41:35 -0700


Started GET "/assets/builtfromScratchCMS.png" for 127.0.0.1 at 2013-08-23 18:41:35 -0700


Started GET "/" for 127.0.0.1 at 2013-08-23 18:41:35 -0700
Processing by PagesController#home as HTML
  Rendered pages/home.html.erb within layouts/application (8.1ms)
  [1m[35mUser Load (6.1ms)[0m  SELECT "users".* FROM "users" ORDER BY "users"."id" ASC LIMIT 1
  Rendered layouts/_header.html.erb (9.9ms)
  Rendered layouts/_footer.html.erb (0.6ms)
Completed 200 OK in 41ms (Views: 33.9ms | ActiveRecord: 6.1ms)


Started GET "/assets/application.css?body=1" for 127.0.0.1 at 2013-08-23 18:41:35 -0700


Started GET "/assets/bootstrap.css?body=1" for 127.0.0.1 at 2013-08-23 18:41:35 -0700


Started GET "/assets/timepicker.css?body=1" for 127.0.0.1 at 2013-08-23 18:41:35 -0700


Started GET "/assets/jquery-ui.css?body=1" for 127.0.0.1 at 2013-08-23 18:41:35 -0700


Started GET "/assets/custom.css?body=1" for 127.0.0.1 at 2013-08-23 18:41:35 -0700


Started GET "/assets/redactor-editor.css?body=1" for 127.0.0.1 at 2013-08-23 18:41:35 -0700


Started GET "/assets/jquery.js?body=1" for 127.0.0.1 at 2013-08-23 18:41:35 -0700


Started GET "/assets/jquery_ujs.js?body=1" for 127.0.0.1 at 2013-08-23 18:41:35 -0700


Started GET "/assets/turbolinks.js?body=1" for 127.0.0.1 at 2013-08-23 18:41:35 -0700


Started GET "/assets/bootstrap.min.js?body=1" for 127.0.0.1 at 2013-08-23 18:41:35 -0700


Started GET "/assets/jquery-ui-1.10.1.min.js?body=1" for 127.0.0.1 at 2013-08-23 18:41:35 -0700


Started GET "/assets/redactor-editor.js?body=1" for 127.0.0.1 at 2013-08-23 18:41:35 -0700


Started GET "/assets/jquery-ui-timepicker-addon.js?body=1" for 127.0.0.1 at 2013-08-23 18:41:35 -0700


Started GET "/assets/application.js?body=1" for 127.0.0.1 at 2013-08-23 18:41:35 -0700


Started GET "/assets/ScratchCMS.png" for 127.0.0.1 at 2013-08-23 18:41:35 -0700


Started GET "/assets/builtfromScratchCMS.png" for 127.0.0.1 at 2013-08-23 18:41:35 -0700


Started GET "/signup" for 127.0.0.1 at 2013-08-23 18:41:45 -0700
Processing by UsersController#new as HTML
  [1m[36mUser Load (0.5ms)[0m  [1mSELECT "users".* FROM "users" ORDER BY "users"."id" ASC LIMIT 1[0m
  Rendered shared/_error_messages.html.erb (0.4ms)
  Rendered users/new.html.erb within layouts/application (5.8ms)
  [1m[35mUser Load (0.4ms)[0m  SELECT "users".* FROM "users" WHERE "users"."auth_token" IS NULL LIMIT 1
  Rendered layouts/_dashboard_header.html.erb (2.8ms)
  Rendered layouts/_footer.html.erb (0.6ms)
Completed 200 OK in 30ms (Views: 24.4ms | ActiveRecord: 0.9ms)


Started POST "/users" for 127.0.0.1 at 2013-08-23 18:41:59 -0700
Processing by UsersController#create as HTML
  Parameters: {"utf8"=>"✓", "authenticity_token"=>"49vI5KDCGlYua1v5DA7dsIBTKlnLkuaqVbWG8Q9Bcjs=", "user"=>{"name"=>"Andy Pierce", "username"=>"apierce", "email"=>"redjet736@gmail.com", "password"=>"andyandy", "password_confirmation"=>"andyandy"}, "commit"=>"Create my account"}
  [1m[36m (0.2ms)[0m  [1mBEGIN[0m
  [1m[35mUser Exists (0.7ms)[0m  SELECT 1 AS one FROM "users" WHERE "users"."username" = 'apierce' LIMIT 1
  [1m[36mUser Exists (0.3ms)[0m  [1mSELECT 1 AS one FROM "users" WHERE "users"."email" = 'redjet736@gmail.com' LIMIT 1[0m
  [1m[35mSQL (101.8ms)[0m  INSERT INTO "users" ("auth_token", "created_at", "email", "name", "password_digest", "updated_at", "username") VALUES ($1, $2, $3, $4, $5, $6, $7) RETURNING "id"  [["auth_token", "eEAWFOniRyRSIXi6cQ=="], ["created_at", Fri, 23 Aug 2013 18:41:59 PDT -07:00], ["email", "redjet736@gmail.com"], ["name", "Andy Pierce"], ["password_digest", "$2a$10$987b3MUsqoGjfybCqKNyXua7OGYGV1IoYGUVjbL1a.nysvCA2HyhW"], ["updated_at", Fri, 23 Aug 2013 18:41:59 PDT -07:00], ["username", "apierce"]]
  [1m[36m (4.2ms)[0m  [1mCOMMIT[0m
Redirected to http://localhost:3000/dashboard
Completed 302 Found in 228ms (ActiveRecord: 107.4ms)


Started GET "/dashboard" for 127.0.0.1 at 2013-08-23 18:41:59 -0700
Processing by UsersController#show as HTML
  [1m[35mUser Load (0.9ms)[0m  SELECT "users".* FROM "users" WHERE "users"."auth_token" = 'eEAWFOniRyRSIXi6cQ==' LIMIT 1
DEPRECATION WARNING: Calling #scope or #default_scope with a hash is deprecated. Please use a lambda containing a scope. E.g. scope :red, -> { where(color: 'red') }. (called from <class:Project> at /home/apierce1/projects/scratch-cms/app/models/project.rb:20)
DEPRECATION WARNING: Calling #scope or #default_scope with a hash is deprecated. Please use a lambda containing a scope. E.g. scope :red, -> { where(color: 'red') }. (called from <class:Blog> at /home/apierce1/projects/scratch-cms/app/models/blog.rb:21)
DEPRECATION WARNING: Calling #scope or #default_scope with a hash is deprecated. Please use a lambda containing a scope. E.g. scope :red, -> { where(color: 'red') }. (called from <class:Custompage> at /home/apierce1/projects/scratch-cms/app/models/custompage.rb:20)
  Rendered layouts/_sidebar_main.html.erb (8.2ms)
  Rendered pages/about.html.erb (2.4ms)
  Rendered users/show.html.erb within layouts/application (34.5ms)
  Rendered layouts/_dashboard_header.html.erb (12.9ms)
  Rendered layouts/_footer.html.erb (1.9ms)
Completed 200 OK in 163ms (Views: 87.8ms | ActiveRecord: 3.6ms)


Started GET "/assets/application.css?body=1" for 127.0.0.1 at 2013-08-23 18:41:59 -0700


Started GET "/assets/custom.css?body=1" for 127.0.0.1 at 2013-08-23 18:41:59 -0700


Started GET "/assets/timepicker.css?body=1" for 127.0.0.1 at 2013-08-23 18:41:59 -0700


Started GET "/assets/redactor-editor.css?body=1" for 127.0.0.1 at 2013-08-23 18:41:59 -0700


Started GET "/assets/jquery-ui.css?body=1" for 127.0.0.1 at 2013-08-23 18:41:59 -0700


Started GET "/assets/bootstrap.css?body=1" for 127.0.0.1 at 2013-08-23 18:41:59 -0700


Started GET "/assets/jquery.js?body=1" for 127.0.0.1 at 2013-08-23 18:41:59 -0700


Started GET "/assets/jquery_ujs.js?body=1" for 127.0.0.1 at 2013-08-23 18:41:59 -0700


Started GET "/assets/turbolinks.js?body=1" for 127.0.0.1 at 2013-08-23 18:42:00 -0700


Started GET "/assets/bootstrap.min.js?body=1" for 127.0.0.1 at 2013-08-23 18:42:00 -0700


Started GET "/assets/jquery-ui-timepicker-addon.js?body=1" for 127.0.0.1 at 2013-08-23 18:42:00 -0700


Started GET "/assets/jquery-ui-1.10.1.min.js?body=1" for 127.0.0.1 at 2013-08-23 18:42:00 -0700


Started GET "/assets/redactor-editor.js?body=1" for 127.0.0.1 at 2013-08-23 18:42:00 -0700


Started GET "/assets/application.js?body=1" for 127.0.0.1 at 2013-08-23 18:42:00 -0700


Started GET "/assets/ScratchCMS.png" for 127.0.0.1 at 2013-08-23 18:42:00 -0700


Started GET "/dashboard?link=projects" for 127.0.0.1 at 2013-08-23 18:42:03 -0700
Processing by UsersController#show as JS
  Parameters: {"link"=>"projects"}
  [1m[36mUser Load (3.5ms)[0m  [1mSELECT "users".* FROM "users" WHERE "users"."auth_token" = 'eEAWFOniRyRSIXi6cQ==' LIMIT 1[0m
  Rendered layouts/_sidebar.html.erb (13.8ms)
  Rendered shared/_error_messages.html.erb (1.6ms)
  Rendered users/edit.html.erb (47.5ms)
  [1m[35mProject Load (2.2ms)[0m  SELECT "projects".* FROM "projects" WHERE "projects"."user_id" = $1 ORDER BY projects.created_at DESC LIMIT 10 OFFSET 0  [["user_id", 1]]
  Rendered projects/index.html.erb (34.4ms)
  Rendered users/show.js.erb (99.7ms)
Completed 200 OK in 123ms (Views: 100.6ms | ActiveRecord: 6.8ms)


Started GET "/dashboard?link=blogs" for 127.0.0.1 at 2013-08-23 18:42:04 -0700
Processing by UsersController#show as JS
  Parameters: {"link"=>"blogs"}
  [1m[36mUser Load (0.5ms)[0m  [1mSELECT "users".* FROM "users" WHERE "users"."auth_token" = 'eEAWFOniRyRSIXi6cQ==' LIMIT 1[0m
  Rendered layouts/_sidebar.html.erb (1.5ms)
  Rendered shared/_error_messages.html.erb (0.5ms)
  Rendered users/edit.html.erb (13.3ms)
  [1m[35mBlog Load (0.7ms)[0m  SELECT "blogs".* FROM "blogs" WHERE "blogs"."user_id" = $1 ORDER BY blogs.created_at DESC LIMIT 10 OFFSET 0  [["user_id", 1]]
  Rendered blogs/index.html.erb (8.8ms)
  Rendered users/show.js.erb (28.9ms)
Completed 200 OK in 43ms (Views: 35.0ms | ActiveRecord: 1.9ms)


Started GET "/dashboard?link=custompages" for 127.0.0.1 at 2013-08-23 18:42:05 -0700
Processing by UsersController#show as JS
  Parameters: {"link"=>"custompages"}
  [1m[36mUser Load (2.7ms)[0m  [1mSELECT "users".* FROM "users" WHERE "users"."auth_token" = 'eEAWFOniRyRSIXi6cQ==' LIMIT 1[0m
  Rendered layouts/_sidebar.html.erb (2.0ms)
  Rendered shared/_error_messages.html.erb (5.8ms)
  Rendered users/edit.html.erb (18.2ms)
  [1m[35mCustompage Load (0.6ms)[0m  SELECT "custompages".* FROM "custompages" WHERE "custompages"."user_id" = $1 ORDER BY custompages.created_at DESC LIMIT 10 OFFSET 0  [["user_id", 1]]
  Rendered custompages/index.html.erb (71.9ms)
  Rendered users/show.js.erb (93.7ms)
Completed 200 OK in 107ms (Views: 94.7ms | ActiveRecord: 4.2ms)


Started GET "/dashboard?link=about" for 127.0.0.1 at 2013-08-23 18:42:06 -0700
Processing by UsersController#show as JS
  Parameters: {"link"=>"about"}
  [1m[36mUser Load (0.7ms)[0m  [1mSELECT "users".* FROM "users" WHERE "users"."auth_token" = 'eEAWFOniRyRSIXi6cQ==' LIMIT 1[0m
  Rendered layouts/_sidebar.html.erb (2.0ms)
  Rendered shared/_error_messages.html.erb (0.6ms)
  Rendered users/edit.html.erb (18.5ms)
  Rendered pages/about.html.erb (1.5ms)
  Rendered users/show.js.erb (24.0ms)
Completed 200 OK in 40ms (Views: 27.6ms | ActiveRecord: 0.7ms)


Started GET "/dashboard?link=projects" for 127.0.0.1 at 2013-08-23 18:42:07 -0700
Processing by UsersController#show as JS
  Parameters: {"link"=>"projects"}
  [1m[35mUser Load (0.5ms)[0m  SELECT "users".* FROM "users" WHERE "users"."auth_token" = 'eEAWFOniRyRSIXi6cQ==' LIMIT 1
  Rendered layouts/_sidebar.html.erb (2.3ms)
  Rendered shared/_error_messages.html.erb (0.7ms)
  Rendered users/edit.html.erb (21.3ms)
  [1m[36mProject Load (0.4ms)[0m  [1mSELECT "projects".* FROM "projects" WHERE "projects"."user_id" = $1 ORDER BY projects.created_at DESC LIMIT 10 OFFSET 0[0m  [["user_id", 1]]
  Rendered projects/index.html.erb (4.2ms)
  Rendered users/show.js.erb (29.2ms)
Completed 200 OK in 43ms (Views: 31.2ms | ActiveRecord: 0.9ms)


Started GET "/projects/new" for 127.0.0.1 at 2013-08-23 18:42:08 -0700
Processing by ProjectsController#new as HTML
  [1m[35mUser Load (9.8ms)[0m  SELECT "users".* FROM "users" WHERE "users"."auth_token" = 'eEAWFOniRyRSIXi6cQ==' LIMIT 1
  Rendered layouts/_sidebar.html.erb (6.4ms)
  Rendered shared/_error_messages.html.erb (58.6ms)
  Rendered projects/new.html.erb within layouts/application (128.4ms)
  Rendered layouts/_dashboard_header.html.erb (5.2ms)
  Rendered layouts/_footer.html.erb (6.8ms)
Completed 200 OK in 179ms (Views: 154.9ms | ActiveRecord: 14.8ms)


Started GET "/assets/application.css?body=1" for 127.0.0.1 at 2013-08-23 18:42:08 -0700


Started GET "/assets/bootstrap.css?body=1" for 127.0.0.1 at 2013-08-23 18:42:08 -0700


Started GET "/assets/custom.css?body=1" for 127.0.0.1 at 2013-08-23 18:42:08 -0700


Started GET "/assets/timepicker.css?body=1" for 127.0.0.1 at 2013-08-23 18:42:08 -0700


Started GET "/assets/redactor-editor.css?body=1" for 127.0.0.1 at 2013-08-23 18:42:08 -0700


Started GET "/assets/jquery-ui.css?body=1" for 127.0.0.1 at 2013-08-23 18:42:08 -0700


Started GET "/assets/jquery.js?body=1" for 127.0.0.1 at 2013-08-23 18:42:08 -0700


Started GET "/assets/jquery_ujs.js?body=1" for 127.0.0.1 at 2013-08-23 18:42:08 -0700


Started GET "/assets/turbolinks.js?body=1" for 127.0.0.1 at 2013-08-23 18:42:08 -0700


Started GET "/assets/bootstrap.min.js?body=1" for 127.0.0.1 at 2013-08-23 18:42:08 -0700


Started GET "/assets/jquery-ui-timepicker-addon.js?body=1" for 127.0.0.1 at 2013-08-23 18:42:08 -0700


Started GET "/assets/jquery-ui-1.10.1.min.js?body=1" for 127.0.0.1 at 2013-08-23 18:42:08 -0700


Started GET "/assets/redactor-editor.js?body=1" for 127.0.0.1 at 2013-08-23 18:42:08 -0700


Started GET "/assets/application.js?body=1" for 127.0.0.1 at 2013-08-23 18:42:08 -0700


Started GET "/assets/ScratchCMS.png" for 127.0.0.1 at 2013-08-23 18:42:09 -0700


Started POST "/projects" for 127.0.0.1 at 2013-08-23 18:42:33 -0700
Processing by ProjectsController#create as HTML
  Parameters: {"utf8"=>"✓", "authenticity_token"=>"49vI5KDCGlYua1v5DA7dsIBTKlnLkuaqVbWG8Q9Bcjs=", "project"=>{"title"=>"My First Project", "content"=>"<p>TextTextTextTextTextTextTextTextTextTextTextTextTextTextTextTextText</p><p>TextTextTextTextTextTextTextTextTextTextTextTextTextTextTextTextText</p><p>TextTextTextTextTextTextTextTextTextTextTextTextTextTextTextTextText</p><p>TextTextTextTextTextTextTextTextTextTextTextTextTextTextTextTextText<br></p>", "draft"=>"0"}, "commit"=>"Create Project"}
  [1m[36mUser Load (1.6ms)[0m  [1mSELECT "users".* FROM "users" WHERE "users"."auth_token" = 'eEAWFOniRyRSIXi6cQ==' LIMIT 1[0m
  [1m[35m (0.2ms)[0m  BEGIN
  [1m[36mSQL (2.6ms)[0m  [1mINSERT INTO "projects" ("content", "created_at", "title", "updated_at", "user_id") VALUES ($1, $2, $3, $4, $5) RETURNING "id"[0m  [["content", "<p>TextTextTextTextTextTextTextTextTextTextTextTextTextTextTextTextText</p><p>TextTextTextTextTextTextTextTextTextTextTextTextTextTextTextTextText</p><p>TextTextTextTextTextTextTextTextTextTextTextTextTextTextTextTextText</p><p>TextTextTextTextTextTextTextTextTextTextTextTextTextTextTextTextText<br></p>"], ["created_at", Fri, 23 Aug 2013 18:42:33 PDT -07:00], ["title", "My First Project"], ["updated_at", Fri, 23 Aug 2013 18:42:33 PDT -07:00], ["user_id", 1]]
  [1m[35m (1.0ms)[0m  COMMIT
Redirected to http://localhost:3000/dashboard
Completed 302 Found in 36ms (ActiveRecord: 5.3ms)


Started GET "/dashboard" for 127.0.0.1 at 2013-08-23 18:42:33 -0700
Processing by UsersController#show as HTML
  [1m[36mUser Load (0.5ms)[0m  [1mSELECT "users".* FROM "users" WHERE "users"."auth_token" = 'eEAWFOniRyRSIXi6cQ==' LIMIT 1[0m
  Rendered layouts/_sidebar_main.html.erb (1.7ms)
  Rendered pages/about.html.erb (0.7ms)
  Rendered users/show.html.erb within layouts/application (5.2ms)
  Rendered layouts/_dashboard_header.html.erb (1.3ms)
  Rendered layouts/_footer.html.erb (1.8ms)
Completed 200 OK in 31ms (Views: 25.2ms | ActiveRecord: 0.5ms)


Started GET "/assets/application.css?body=1" for 127.0.0.1 at 2013-08-23 18:42:33 -0700


Started GET "/assets/bootstrap.css?body=1" for 127.0.0.1 at 2013-08-23 18:42:33 -0700


Started GET "/assets/jquery-ui.css?body=1" for 127.0.0.1 at 2013-08-23 18:42:33 -0700


Started GET "/assets/timepicker.css?body=1" for 127.0.0.1 at 2013-08-23 18:42:33 -0700


Started GET "/assets/redactor-editor.css?body=1" for 127.0.0.1 at 2013-08-23 18:42:33 -0700


Started GET "/assets/custom.css?body=1" for 127.0.0.1 at 2013-08-23 18:42:33 -0700


Started GET "/assets/jquery.js?body=1" for 127.0.0.1 at 2013-08-23 18:42:33 -0700


Started GET "/assets/turbolinks.js?body=1" for 127.0.0.1 at 2013-08-23 18:42:33 -0700


Started GET "/assets/jquery_ujs.js?body=1" for 127.0.0.1 at 2013-08-23 18:42:33 -0700


Started GET "/assets/bootstrap.min.js?body=1" for 127.0.0.1 at 2013-08-23 18:42:33 -0700


Started GET "/assets/jquery-ui-1.10.1.min.js?body=1" for 127.0.0.1 at 2013-08-23 18:42:33 -0700


Started GET "/assets/jquery-ui-timepicker-addon.js?body=1" for 127.0.0.1 at 2013-08-23 18:42:33 -0700


Started GET "/assets/application.js?body=1" for 127.0.0.1 at 2013-08-23 18:42:34 -0700


Started GET "/assets/redactor-editor.js?body=1" for 127.0.0.1 at 2013-08-23 18:42:34 -0700


Started GET "/assets/ScratchCMS.png" for 127.0.0.1 at 2013-08-23 18:42:34 -0700


Started GET "/dashboard?link=projects" for 127.0.0.1 at 2013-08-23 18:42:36 -0700
Processing by UsersController#show as JS
  Parameters: {"link"=>"projects"}
  [1m[35mUser Load (0.6ms)[0m  SELECT "users".* FROM "users" WHERE "users"."auth_token" = 'eEAWFOniRyRSIXi6cQ==' LIMIT 1
  Rendered layouts/_sidebar.html.erb (1.7ms)
  Rendered shared/_error_messages.html.erb (0.5ms)
  Rendered users/edit.html.erb (8.5ms)
  [1m[36mProject Load (0.4ms)[0m  [1mSELECT "projects".* FROM "projects" WHERE "projects"."user_id" = $1 ORDER BY projects.created_at DESC LIMIT 10 OFFSET 0[0m  [["user_id", 1]]
  Rendered projects/index.html.erb (11.1ms)
  Rendered users/show.js.erb (31.8ms)
Completed 200 OK in 45ms (Views: 35.1ms | ActiveRecord: 1.1ms)


Started GET "/dashboard?link=custompages" for 127.0.0.1 at 2013-08-23 18:42:40 -0700
Processing by UsersController#show as JS
  Parameters: {"link"=>"custompages"}
  [1m[35mUser Load (0.7ms)[0m  SELECT "users".* FROM "users" WHERE "users"."auth_token" = 'eEAWFOniRyRSIXi6cQ==' LIMIT 1
  Rendered layouts/_sidebar.html.erb (1.6ms)
  Rendered shared/_error_messages.html.erb (0.5ms)
  Rendered users/edit.html.erb (10.2ms)
  [1m[36mCustompage Load (1.8ms)[0m  [1mSELECT "custompages".* FROM "custompages" WHERE "custompages"."user_id" = $1 ORDER BY custompages.created_at DESC LIMIT 10 OFFSET 0[0m  [["user_id", 1]]
  Rendered custompages/index.html.erb (10.0ms)
  Rendered users/show.js.erb (30.7ms)
Completed 200 OK in 44ms (Views: 34.4ms | ActiveRecord: 2.5ms)


Started GET "/dashboard?link=blogs" for 127.0.0.1 at 2013-08-23 18:42:40 -0700
Processing by UsersController#show as JS
  Parameters: {"link"=>"blogs"}
  [1m[35mUser Load (0.6ms)[0m  SELECT "users".* FROM "users" WHERE "users"."auth_token" = 'eEAWFOniRyRSIXi6cQ==' LIMIT 1
  Rendered layouts/_sidebar.html.erb (1.4ms)
  Rendered shared/_error_messages.html.erb (0.5ms)
  Rendered users/edit.html.erb (8.2ms)
  [1m[36mBlog Load (1.8ms)[0m  [1mSELECT "blogs".* FROM "blogs" WHERE "blogs"."user_id" = $1 ORDER BY blogs.created_at DESC LIMIT 10 OFFSET 0[0m  [["user_id", 1]]
  Rendered blogs/index.html.erb (7.1ms)
  Rendered users/show.js.erb (26.2ms)
Completed 200 OK in 39ms (Views: 28.1ms | ActiveRecord: 2.4ms)


Started GET "/blogs/new" for 127.0.0.1 at 2013-08-23 18:42:41 -0700
Processing by BlogsController#new as HTML
  [1m[35mUser Load (0.8ms)[0m  SELECT "users".* FROM "users" WHERE "users"."auth_token" = 'eEAWFOniRyRSIXi6cQ==' LIMIT 1
  Rendered layouts/_sidebar.html.erb (1.9ms)
  Rendered shared/_error_messages.html.erb (0.7ms)
  Rendered blogs/new.html.erb within layouts/application (60.1ms)
  Rendered layouts/_dashboard_header.html.erb (1.5ms)
  Rendered layouts/_footer.html.erb (4.1ms)
Completed 200 OK in 190ms (Views: 100.1ms | ActiveRecord: 1.4ms)


Started GET "/assets/application.css?body=1" for 127.0.0.1 at 2013-08-23 18:42:41 -0700


Started GET "/assets/timepicker.css?body=1" for 127.0.0.1 at 2013-08-23 18:42:41 -0700


Started GET "/assets/custom.css?body=1" for 127.0.0.1 at 2013-08-23 18:42:41 -0700


Started GET "/assets/jquery-ui.css?body=1" for 127.0.0.1 at 2013-08-23 18:42:41 -0700


Started GET "/assets/redactor-editor.css?body=1" for 127.0.0.1 at 2013-08-23 18:42:41 -0700


Started GET "/assets/bootstrap.css?body=1" for 127.0.0.1 at 2013-08-23 18:42:41 -0700


Started GET "/assets/jquery.js?body=1" for 127.0.0.1 at 2013-08-23 18:42:41 -0700


Started GET "/assets/jquery_ujs.js?body=1" for 127.0.0.1 at 2013-08-23 18:42:41 -0700


Started GET "/assets/turbolinks.js?body=1" for 127.0.0.1 at 2013-08-23 18:42:41 -0700


Started GET "/assets/bootstrap.min.js?body=1" for 127.0.0.1 at 2013-08-23 18:42:41 -0700


Started GET "/assets/jquery-ui-timepicker-addon.js?body=1" for 127.0.0.1 at 2013-08-23 18:42:41 -0700


Started GET "/assets/jquery-ui-1.10.1.min.js?body=1" for 127.0.0.1 at 2013-08-23 18:42:41 -0700


Started GET "/assets/redactor-editor.js?body=1" for 127.0.0.1 at 2013-08-23 18:42:41 -0700


Started GET "/assets/application.js?body=1" for 127.0.0.1 at 2013-08-23 18:42:41 -0700


Started GET "/assets/ScratchCMS.png" for 127.0.0.1 at 2013-08-23 18:42:42 -0700


Started GET "/dashboard?link=projects" for 127.0.0.1 at 2013-08-23 18:42:45 -0700
Processing by UsersController#show as HTML
  Parameters: {"link"=>"projects"}
  [1m[36mUser Load (0.8ms)[0m  [1mSELECT "users".* FROM "users" WHERE "users"."auth_token" = 'eEAWFOniRyRSIXi6cQ==' LIMIT 1[0m
  Rendered layouts/_sidebar_main.html.erb (5.5ms)
  [1m[35mProject Load (0.7ms)[0m  SELECT "projects".* FROM "projects" WHERE "projects"."user_id" = $1 ORDER BY projects.created_at DESC LIMIT 10 OFFSET 0  [["user_id", 1]]
  Rendered projects/index.html.erb (13.8ms)
  Rendered users/show.html.erb within layouts/application (38.3ms)
  Rendered layouts/_dashboard_header.html.erb (1.4ms)
  Rendered layouts/_footer.html.erb (0.8ms)
Completed 200 OK in 82ms (Views: 65.9ms | ActiveRecord: 1.4ms)


Started GET "/dashboard?link=blogs" for 127.0.0.1 at 2013-08-23 18:42:46 -0700
Processing by UsersController#show as JS
  Parameters: {"link"=>"blogs"}
  [1m[36mUser Load (0.5ms)[0m  [1mSELECT "users".* FROM "users" WHERE "users"."auth_token" = 'eEAWFOniRyRSIXi6cQ==' LIMIT 1[0m
  Rendered layouts/_sidebar.html.erb (1.7ms)
  Rendered shared/_error_messages.html.erb (69.8ms)
  Rendered users/edit.html.erb (79.5ms)
  [1m[35mBlog Load (0.8ms)[0m  SELECT "blogs".* FROM "blogs" WHERE "blogs"."user_id" = $1 ORDER BY blogs.created_at DESC LIMIT 10 OFFSET 0  [["user_id", 1]]
  Rendered blogs/index.html.erb (4.6ms)
  Rendered users/show.js.erb (92.7ms)
Completed 200 OK in 106ms (Views: 96.2ms | ActiveRecord: 1.2ms)


Started GET "/dashboard?link=custompages" for 127.0.0.1 at 2013-08-23 18:42:48 -0700
Processing by UsersController#show as JS
  Parameters: {"link"=>"custompages"}
  [1m[36mUser Load (0.6ms)[0m  [1mSELECT "users".* FROM "users" WHERE "users"."auth_token" = 'eEAWFOniRyRSIXi6cQ==' LIMIT 1[0m
  Rendered layouts/_sidebar.html.erb (1.8ms)
  Rendered shared/_error_messages.html.erb (0.5ms)
  Rendered users/edit.html.erb (25.6ms)
  [1m[35mCustompage Load (0.4ms)[0m  SELECT "custompages".* FROM "custompages" WHERE "custompages"."user_id" = $1 ORDER BY custompages.created_at DESC LIMIT 10 OFFSET 0  [["user_id", 1]]
  Rendered custompages/index.html.erb (6.7ms)
  Rendered users/show.js.erb (36.7ms)
Completed 200 OK in 50ms (Views: 43.8ms | ActiveRecord: 0.9ms)


Started GET "/dashboard?link=blogs" for 127.0.0.1 at 2013-08-23 18:42:48 -0700
Processing by UsersController#show as JS
  Parameters: {"link"=>"blogs"}
  [1m[36mUser Load (2.6ms)[0m  [1mSELECT "users".* FROM "users" WHERE "users"."auth_token" = 'eEAWFOniRyRSIXi6cQ==' LIMIT 1[0m
  Rendered layouts/_sidebar.html.erb (1.5ms)
  Rendered shared/_error_messages.html.erb (0.4ms)
  Rendered users/edit.html.erb (19.1ms)
  [1m[35mBlog Load (0.3ms)[0m  SELECT "blogs".* FROM "blogs" WHERE "blogs"."user_id" = $1 ORDER BY blogs.created_at DESC LIMIT 10 OFFSET 0  [["user_id", 1]]
  Rendered blogs/index.html.erb (4.0ms)
  Rendered users/show.js.erb (28.2ms)
Completed 200 OK in 41ms (Views: 30.5ms | ActiveRecord: 2.9ms)


Started GET "/blogs/new" for 127.0.0.1 at 2013-08-23 18:42:48 -0700
Processing by BlogsController#new as HTML
  [1m[36mUser Load (0.6ms)[0m  [1mSELECT "users".* FROM "users" WHERE "users"."auth_token" = 'eEAWFOniRyRSIXi6cQ==' LIMIT 1[0m
  Rendered layouts/_sidebar.html.erb (3.0ms)
  Rendered shared/_error_messages.html.erb (0.5ms)
  Rendered blogs/new.html.erb within layouts/application (15.2ms)
  Rendered layouts/_dashboard_header.html.erb (1.4ms)
  Rendered layouts/_footer.html.erb (1.2ms)
Completed 200 OK in 105ms (Views: 95.7ms | ActiveRecord: 0.6ms)


Started GET "/assets/application.css?body=1" for 127.0.0.1 at 2013-08-23 18:42:49 -0700


Started GET "/assets/bootstrap.css?body=1" for 127.0.0.1 at 2013-08-23 18:42:49 -0700


Started GET "/assets/custom.css?body=1" for 127.0.0.1 at 2013-08-23 18:42:49 -0700


Started GET "/assets/jquery-ui.css?body=1" for 127.0.0.1 at 2013-08-23 18:42:49 -0700


Started GET "/assets/timepicker.css?body=1" for 127.0.0.1 at 2013-08-23 18:42:49 -0700


Started GET "/assets/redactor-editor.css?body=1" for 127.0.0.1 at 2013-08-23 18:42:49 -0700


Started GET "/assets/jquery_ujs.js?body=1" for 127.0.0.1 at 2013-08-23 18:42:49 -0700


Started GET "/assets/jquery.js?body=1" for 127.0.0.1 at 2013-08-23 18:42:49 -0700


Started GET "/assets/jquery-ui-timepicker-addon.js?body=1" for 127.0.0.1 at 2013-08-23 18:42:49 -0700


Started GET "/assets/jquery-ui-1.10.1.min.js?body=1" for 127.0.0.1 at 2013-08-23 18:42:49 -0700


Started GET "/assets/bootstrap.min.js?body=1" for 127.0.0.1 at 2013-08-23 18:42:49 -0700


Started GET "/assets/turbolinks.js?body=1" for 127.0.0.1 at 2013-08-23 18:42:49 -0700


Started GET "/assets/redactor-editor.js?body=1" for 127.0.0.1 at 2013-08-23 18:42:49 -0700


Started GET "/assets/application.js?body=1" for 127.0.0.1 at 2013-08-23 18:42:49 -0700


Started GET "/assets/ScratchCMS.png" for 127.0.0.1 at 2013-08-23 18:42:49 -0700


Started GET "/dashboard?link=projects" for 127.0.0.1 at 2013-08-23 18:42:50 -0700
Processing by UsersController#show as HTML
  Parameters: {"link"=>"projects"}
  [1m[35mUser Load (0.6ms)[0m  SELECT "users".* FROM "users" WHERE "users"."auth_token" = 'eEAWFOniRyRSIXi6cQ==' LIMIT 1
  Rendered layouts/_sidebar_main.html.erb (1.5ms)
  [1m[36mProject Load (0.5ms)[0m  [1mSELECT "projects".* FROM "projects" WHERE "projects"."user_id" = $1 ORDER BY projects.created_at DESC LIMIT 10 OFFSET 0[0m  [["user_id", 1]]
  Rendered projects/index.html.erb (5.3ms)
  Rendered users/show.html.erb within layouts/application (9.9ms)
  Rendered layouts/_dashboard_header.html.erb (1.2ms)
  Rendered layouts/_footer.html.erb (0.7ms)
Completed 200 OK in 43ms (Views: 32.8ms | ActiveRecord: 1.1ms)


Started GET "/users/1/edit" for 127.0.0.1 at 2013-08-23 18:45:00 -0700
Processing by UsersController#edit as HTML
  Parameters: {"id"=>"1"}
  [1m[35mUser Load (0.6ms)[0m  SELECT "users".* FROM "users" WHERE "users"."auth_token" = 'eEAWFOniRyRSIXi6cQ==' LIMIT 1
  Rendered layouts/_sidebar.html.erb (7.3ms)
  Rendered shared/_error_messages.html.erb (1.5ms)
  Rendered users/edit.html.erb within layouts/application (27.6ms)
  Rendered layouts/_dashboard_header.html.erb (1.1ms)
  Rendered layouts/_footer.html.erb (0.7ms)
Completed 200 OK in 49ms (Views: 42.1ms | ActiveRecord: 0.6ms)


Started GET "/dashboard?link=custompages" for 127.0.0.1 at 2013-08-23 18:45:05 -0700
Processing by UsersController#show as HTML
  Parameters: {"link"=>"custompages"}
  [1m[36mUser Load (0.5ms)[0m  [1mSELECT "users".* FROM "users" WHERE "users"."auth_token" = 'eEAWFOniRyRSIXi6cQ==' LIMIT 1[0m
  Rendered layouts/_sidebar_main.html.erb (1.8ms)
  [1m[35mCustompage Load (0.4ms)[0m  SELECT "custompages".* FROM "custompages" WHERE "custompages"."user_id" = $1 ORDER BY custompages.created_at DESC LIMIT 10 OFFSET 0  [["user_id", 1]]
  Rendered custompages/index.html.erb (12.6ms)
  Rendered users/show.html.erb within layouts/application (19.3ms)
  Rendered layouts/_dashboard_header.html.erb (8.5ms)
  Rendered layouts/_footer.html.erb (2.7ms)
Completed 200 OK in 130ms (Views: 120.5ms | ActiveRecord: 1.0ms)


Started GET "/dashboard?link=about" for 127.0.0.1 at 2013-08-23 18:45:05 -0700
Processing by UsersController#show as JS
  Parameters: {"link"=>"about"}
  [1m[36mUser Load (0.8ms)[0m  [1mSELECT "users".* FROM "users" WHERE "users"."auth_token" = 'eEAWFOniRyRSIXi6cQ==' LIMIT 1[0m
  Rendered layouts/_sidebar.html.erb (1.9ms)
  Rendered shared/_error_messages.html.erb (0.6ms)
  Rendered users/edit.html.erb (14.7ms)
  Rendered pages/about.html.erb (2.4ms)
  Rendered users/show.js.erb (21.8ms)
Completed 200 OK in 52ms (Views: 24.2ms | ActiveRecord: 0.8ms)


Started GET "/dashboard?link=blogs" for 127.0.0.1 at 2013-08-23 18:45:06 -0700
Processing by UsersController#show as JS
  Parameters: {"link"=>"blogs"}
  [1m[35mUser Load (0.6ms)[0m  SELECT "users".* FROM "users" WHERE "users"."auth_token" = 'eEAWFOniRyRSIXi6cQ==' LIMIT 1
  Rendered layouts/_sidebar.html.erb (9.9ms)
  Rendered shared/_error_messages.html.erb (0.5ms)
  Rendered users/edit.html.erb (19.7ms)
  [1m[36mBlog Load (0.5ms)[0m  [1mSELECT "blogs".* FROM "blogs" WHERE "blogs"."user_id" = $1 ORDER BY blogs.created_at DESC LIMIT 10 OFFSET 0[0m  [["user_id", 1]]
  Rendered blogs/index.html.erb (4.0ms)
  Rendered users/show.js.erb (27.4ms)
Completed 200 OK in 44ms (Views: 31.1ms | ActiveRecord: 1.0ms)


Started GET "/dashboard?link=projects" for 127.0.0.1 at 2013-08-23 18:45:06 -0700
Processing by UsersController#show as JS
  Parameters: {"link"=>"projects"}
  [1m[35mUser Load (0.6ms)[0m  SELECT "users".* FROM "users" WHERE "users"."auth_token" = 'eEAWFOniRyRSIXi6cQ==' LIMIT 1
  Rendered layouts/_sidebar.html.erb (2.2ms)
  Rendered shared/_error_messages.html.erb (0.6ms)
  Rendered users/edit.html.erb (18.8ms)
  [1m[36mProject Load (0.4ms)[0m  [1mSELECT "projects".* FROM "projects" WHERE "projects"."user_id" = $1 ORDER BY projects.created_at DESC LIMIT 10 OFFSET 0[0m  [["user_id", 1]]
  Rendered projects/index.html.erb (6.2ms)
  Rendered users/show.js.erb (30.1ms)
Completed 200 OK in 41ms (Views: 33.3ms | ActiveRecord: 1.0ms)


Started DELETE "/logout" for 127.0.0.1 at 2013-08-23 18:45:08 -0700
Processing by SessionsController#destroy as HTML
  Parameters: {"authenticity_token"=>"49vI5KDCGlYua1v5DA7dsIBTKlnLkuaqVbWG8Q9Bcjs="}
Redirected to http://localhost:3000/
Completed 302 Found in 3ms (ActiveRecord: 0.0ms)


Started GET "/" for 127.0.0.1 at 2013-08-23 18:45:09 -0700
Processing by PagesController#home as HTML
  Rendered pages/home.html.erb within layouts/application (0.9ms)
  [1m[35mUser Load (0.5ms)[0m  SELECT "users".* FROM "users" ORDER BY "users"."id" ASC LIMIT 1
  [1m[36mCACHE (0.1ms)[0m  [1mSELECT "users".* FROM "users" ORDER BY "users"."id" ASC LIMIT 1[0m
  [1m[35mProject Load (1.2ms)[0m  SELECT "projects".* FROM "projects" WHERE "projects"."user_id" = $1 ORDER BY projects.created_at DESC  [["user_id", 1]]
  [1m[36mCACHE (0.0ms)[0m  [1mSELECT "users".* FROM "users" ORDER BY "users"."id" ASC LIMIT 1[0m
  [1m[35mBlog Load (0.5ms)[0m  SELECT "blogs".* FROM "blogs" WHERE "blogs"."user_id" = $1 ORDER BY blogs.created_at DESC  [["user_id", 1]]
  Rendered layouts/_header.html.erb (19.1ms)
  Rendered layouts/_footer.html.erb (0.8ms)
Completed 200 OK in 50ms (Views: 46.1ms | ActiveRecord: 2.3ms)


Started GET "/assets/application.css?body=1" for 127.0.0.1 at 2013-08-23 18:45:09 -0700


Started GET "/assets/custom.css?body=1" for 127.0.0.1 at 2013-08-23 18:45:09 -0700


Started GET "/assets/bootstrap.css?body=1" for 127.0.0.1 at 2013-08-23 18:45:09 -0700


Started GET "/assets/jquery-ui.css?body=1" for 127.0.0.1 at 2013-08-23 18:45:09 -0700


Started GET "/assets/jquery.js?body=1" for 127.0.0.1 at 2013-08-23 18:45:09 -0700


Started GET "/assets/timepicker.css?body=1" for 127.0.0.1 at 2013-08-23 18:45:09 -0700


Started GET "/assets/redactor-editor.css?body=1" for 127.0.0.1 at 2013-08-23 18:45:09 -0700


Started GET "/assets/jquery_ujs.js?body=1" for 127.0.0.1 at 2013-08-23 18:45:09 -0700


Started GET "/assets/turbolinks.js?body=1" for 127.0.0.1 at 2013-08-23 18:45:09 -0700


Started GET "/assets/bootstrap.min.js?body=1" for 127.0.0.1 at 2013-08-23 18:45:09 -0700


Started GET "/assets/jquery-ui-1.10.1.min.js?body=1" for 127.0.0.1 at 2013-08-23 18:45:09 -0700


Started GET "/assets/jquery-ui-timepicker-addon.js?body=1" for 127.0.0.1 at 2013-08-23 18:45:09 -0700


Started GET "/assets/redactor-editor.js?body=1" for 127.0.0.1 at 2013-08-23 18:45:09 -0700


Started GET "/assets/application.js?body=1" for 127.0.0.1 at 2013-08-23 18:45:09 -0700


Started GET "/assets/builtfromScratchCMS.png" for 127.0.0.1 at 2013-08-23 18:45:09 -0700


Started GET "/assets/ScratchCMS.png" for 127.0.0.1 at 2013-08-23 18:45:09 -0700


Started GET "/" for 127.0.0.1 at 2013-09-28 11:51:48 -0700
  [1m[36mActiveRecord::SchemaMigration Load (8.2ms)[0m  [1mSELECT "schema_migrations".* FROM "schema_migrations"[0m
Processing by PagesController#home as HTML
  Rendered pages/home.html.erb within layouts/application (26.5ms)
  [1m[35mUser Load (9.6ms)[0m  SELECT "users".* FROM "users" ORDER BY "users"."id" ASC LIMIT 1
  [1m[36mCACHE (0.1ms)[0m  [1mSELECT "users".* FROM "users" ORDER BY "users"."id" ASC LIMIT 1[0m
DEPRECATION WARNING: Calling #scope or #default_scope with a hash is deprecated. Please use a lambda containing a scope. E.g. scope :red, -> { where(color: 'red') }. (called from <class:Project> at /home/apierce1/projects/scratch-cms/app/models/project.rb:20)
  [1m[35mProject Load (15.2ms)[0m  SELECT "projects".* FROM "projects" WHERE "projects"."user_id" = $1 ORDER BY projects.created_at DESC  [["user_id", 1]]
  [1m[36mCACHE (0.0ms)[0m  [1mSELECT "users".* FROM "users" ORDER BY "users"."id" ASC LIMIT 1[0m
DEPRECATION WARNING: Calling #scope or #default_scope with a hash is deprecated. Please use a lambda containing a scope. E.g. scope :red, -> { where(color: 'red') }. (called from <class:Blog> at /home/apierce1/projects/scratch-cms/app/models/blog.rb:21)
  [1m[35mBlog Load (0.7ms)[0m  SELECT "blogs".* FROM "blogs" WHERE "blogs"."user_id" = $1 ORDER BY blogs.created_at DESC  [["user_id", 1]]
  Rendered layouts/_header.html.erb (296.0ms)
  Rendered layouts/_footer.html.erb (2.6ms)
Completed 200 OK in 987ms (Views: 913.9ms | ActiveRecord: 48.7ms)


Started GET "/assets/application.css?body=1" for 127.0.0.1 at 2013-09-28 11:51:51 -0700


Started GET "/assets/bootstrap.css?body=1" for 127.0.0.1 at 2013-09-28 11:51:51 -0700


Started GET "/assets/custom.css?body=1" for 127.0.0.1 at 2013-09-28 11:51:51 -0700


Started GET "/assets/redactor-editor.css?body=1" for 127.0.0.1 at 2013-09-28 11:51:51 -0700


Started GET "/assets/jquery-ui.css?body=1" for 127.0.0.1 at 2013-09-28 11:51:51 -0700


Started GET "/assets/timepicker.css?body=1" for 127.0.0.1 at 2013-09-28 11:51:51 -0700


Started GET "/assets/jquery.js?body=1" for 127.0.0.1 at 2013-09-28 11:51:51 -0700


Started GET "/assets/jquery_ujs.js?body=1" for 127.0.0.1 at 2013-09-28 11:51:52 -0700


Started GET "/assets/turbolinks.js?body=1" for 127.0.0.1 at 2013-09-28 11:51:52 -0700


Started GET "/assets/bootstrap.min.js?body=1" for 127.0.0.1 at 2013-09-28 11:51:52 -0700


Started GET "/assets/jquery-ui-1.10.1.min.js?body=1" for 127.0.0.1 at 2013-09-28 11:51:52 -0700


Started GET "/assets/jquery-ui-timepicker-addon.js?body=1" for 127.0.0.1 at 2013-09-28 11:51:52 -0700


Started GET "/assets/redactor-editor.js?body=1" for 127.0.0.1 at 2013-09-28 11:51:52 -0700


Started GET "/assets/application.js?body=1" for 127.0.0.1 at 2013-09-28 11:51:52 -0700


Started GET "/assets/ScratchCMS.png" for 127.0.0.1 at 2013-09-28 11:51:52 -0700


Started GET "/assets/builtfromScratchCMS.png" for 127.0.0.1 at 2013-09-28 11:51:52 -0700


Started GET "/" for 127.0.0.1 at 2013-09-28 11:53:03 -0700
  [1m[36mActiveRecord::SchemaMigration Load (0.3ms)[0m  [1mSELECT "schema_migrations".* FROM "schema_migrations"[0m
Processing by PagesController#home as HTML
  Rendered pages/home.html.erb within layouts/application (10.5ms)
  [1m[35mUser Load (1.0ms)[0m  SELECT "users".* FROM "users" ORDER BY "users"."id" ASC LIMIT 1
  [1m[36mCACHE (0.0ms)[0m  [1mSELECT "users".* FROM "users" ORDER BY "users"."id" ASC LIMIT 1[0m
DEPRECATION WARNING: Calling #scope or #default_scope with a hash is deprecated. Please use a lambda containing a scope. E.g. scope :red, -> { where(color: 'red') }. (called from <class:Project> at /home/apierce1/projects/scratch-cms/app/models/project.rb:20)
  [1m[35mProject Load (9.8ms)[0m  SELECT "projects".* FROM "projects" WHERE "projects"."user_id" = $1 ORDER BY projects.created_at DESC  [["user_id", 1]]
  [1m[36mCACHE (0.0ms)[0m  [1mSELECT "users".* FROM "users" ORDER BY "users"."id" ASC LIMIT 1[0m
DEPRECATION WARNING: Calling #scope or #default_scope with a hash is deprecated. Please use a lambda containing a scope. E.g. scope :red, -> { where(color: 'red') }. (called from <class:Blog> at /home/apierce1/projects/scratch-cms/app/models/blog.rb:21)
  [1m[35mBlog Load (3.4ms)[0m  SELECT "blogs".* FROM "blogs" WHERE "blogs"."user_id" = $1 ORDER BY blogs.created_at DESC  [["user_id", 1]]
  Rendered layouts/_header.html.erb (462.7ms)
  Rendered layouts/_footer.html.erb (9.1ms)
Completed 200 OK in 1047ms (Views: 953.6ms | ActiveRecord: 50.9ms)


Started GET "/assets/application.css?body=1" for 127.0.0.1 at 2013-09-28 11:53:05 -0700


Started GET "/assets/custom.css?body=1" for 127.0.0.1 at 2013-09-28 11:53:05 -0700


Started GET "/assets/timepicker.css?body=1" for 127.0.0.1 at 2013-09-28 11:53:05 -0700


Started GET "/assets/jquery-ui.css?body=1" for 127.0.0.1 at 2013-09-28 11:53:05 -0700


Started GET "/assets/redactor-editor.css?body=1" for 127.0.0.1 at 2013-09-28 11:53:05 -0700


Started GET "/assets/bootstrap.css?body=1" for 127.0.0.1 at 2013-09-28 11:53:05 -0700


Started GET "/assets/jquery.js?body=1" for 127.0.0.1 at 2013-09-28 11:53:05 -0700


Started GET "/assets/jquery_ujs.js?body=1" for 127.0.0.1 at 2013-09-28 11:53:05 -0700


Started GET "/assets/turbolinks.js?body=1" for 127.0.0.1 at 2013-09-28 11:53:05 -0700


Started GET "/assets/bootstrap.min.js?body=1" for 127.0.0.1 at 2013-09-28 11:53:05 -0700


Started GET "/assets/jquery-ui-1.10.1.min.js?body=1" for 127.0.0.1 at 2013-09-28 11:53:05 -0700


Started GET "/assets/jquery-ui-timepicker-addon.js?body=1" for 127.0.0.1 at 2013-09-28 11:53:05 -0700


Started GET "/assets/redactor-editor.js?body=1" for 127.0.0.1 at 2013-09-28 11:53:05 -0700


Started GET "/assets/application.js?body=1" for 127.0.0.1 at 2013-09-28 11:53:05 -0700


Started GET "/assets/ScratchCMS.png" for 127.0.0.1 at 2013-09-28 11:53:06 -0700


Started GET "/assets/builtfromScratchCMS.png" for 127.0.0.1 at 2013-09-28 11:53:06 -0700


Started GET "/" for 127.0.0.1 at 2013-09-28 11:53:38 -0700
Processing by PagesController#home as HTML
  Rendered pages/home.html.erb within layouts/application (1.7ms)
  [1m[36mUser Load (3.0ms)[0m  [1mSELECT "users".* FROM "users" ORDER BY "users"."id" ASC LIMIT 1[0m
  [1m[35mCACHE (0.0ms)[0m  SELECT "users".* FROM "users" ORDER BY "users"."id" ASC LIMIT 1
  [1m[36mProject Load (0.4ms)[0m  [1mSELECT "projects".* FROM "projects" WHERE "projects"."user_id" = $1 ORDER BY projects.created_at DESC[0m  [["user_id", 1]]
  [1m[35mCACHE (0.1ms)[0m  SELECT "users".* FROM "users" ORDER BY "users"."id" ASC LIMIT 1
  [1m[36mBlog Load (4.8ms)[0m  [1mSELECT "blogs".* FROM "blogs" WHERE "blogs"."user_id" = $1 ORDER BY blogs.created_at DESC[0m  [["user_id", 1]]
  Rendered layouts/_header.html.erb (37.2ms)
  Rendered layouts/_footer.html.erb (0.7ms)
Completed 200 OK in 72ms (Views: 60.6ms | ActiveRecord: 8.3ms)


Started GET "/assets/application.css?body=1" for 127.0.0.1 at 2013-09-28 11:53:38 -0700


Started GET "/assets/bootstrap.css?body=1" for 127.0.0.1 at 2013-09-28 11:53:38 -0700


Started GET "/assets/custom.css?body=1" for 127.0.0.1 at 2013-09-28 11:53:38 -0700


Started GET "/assets/jquery-ui.css?body=1" for 127.0.0.1 at 2013-09-28 11:53:38 -0700


Started GET "/assets/timepicker.css?body=1" for 127.0.0.1 at 2013-09-28 11:53:39 -0700


Started GET "/assets/redactor-editor.css?body=1" for 127.0.0.1 at 2013-09-28 11:53:39 -0700


Started GET "/assets/jquery.js?body=1" for 127.0.0.1 at 2013-09-28 11:53:39 -0700


Started GET "/assets/jquery_ujs.js?body=1" for 127.0.0.1 at 2013-09-28 11:53:39 -0700


Started GET "/assets/turbolinks.js?body=1" for 127.0.0.1 at 2013-09-28 11:53:39 -0700


Started GET "/assets/jquery-ui-timepicker-addon.js?body=1" for 127.0.0.1 at 2013-09-28 11:53:39 -0700


Started GET "/assets/bootstrap.min.js?body=1" for 127.0.0.1 at 2013-09-28 11:53:39 -0700


Started GET "/assets/jquery-ui-1.10.1.min.js?body=1" for 127.0.0.1 at 2013-09-28 11:53:39 -0700


Started GET "/assets/redactor-editor.js?body=1" for 127.0.0.1 at 2013-09-28 11:53:39 -0700


Started GET "/assets/application.js?body=1" for 127.0.0.1 at 2013-09-28 11:53:39 -0700


Started GET "/assets/ScratchCMS.png" for 127.0.0.1 at 2013-09-28 11:53:39 -0700


Started GET "/assets/builtfromScratchCMS.png" for 127.0.0.1 at 2013-09-28 11:53:39 -0700


Started GET "/" for 127.0.0.1 at 2013-09-28 11:53:52 -0700
Processing by PagesController#home as HTML
  Rendered pages/home.html.erb within layouts/application (71.1ms)
  [1m[35mUser Load (0.5ms)[0m  SELECT "users".* FROM "users" ORDER BY "users"."id" ASC LIMIT 1
  [1m[36mCACHE (0.0ms)[0m  [1mSELECT "users".* FROM "users" ORDER BY "users"."id" ASC LIMIT 1[0m
  [1m[35mProject Load (0.4ms)[0m  SELECT "projects".* FROM "projects" WHERE "projects"."user_id" = $1 ORDER BY projects.created_at DESC  [["user_id", 1]]
  [1m[36mCACHE (0.1ms)[0m  [1mSELECT "users".* FROM "users" ORDER BY "users"."id" ASC LIMIT 1[0m
  [1m[35mBlog Load (0.6ms)[0m  SELECT "blogs".* FROM "blogs" WHERE "blogs"."user_id" = $1 ORDER BY blogs.created_at DESC  [["user_id", 1]]
  Rendered layouts/_header.html.erb (25.5ms)
  Rendered layouts/_footer.html.erb (0.7ms)
Completed 200 OK in 115ms (Views: 109.5ms | ActiveRecord: 1.6ms)


Started GET "/assets/application.css?body=1" for 127.0.0.1 at 2013-09-28 11:53:52 -0700


Started GET "/assets/bootstrap.css?body=1" for 127.0.0.1 at 2013-09-28 11:53:52 -0700


Started GET "/assets/custom.css?body=1" for 127.0.0.1 at 2013-09-28 11:53:52 -0700


Started GET "/assets/jquery-ui.css?body=1" for 127.0.0.1 at 2013-09-28 11:53:52 -0700


Started GET "/assets/timepicker.css?body=1" for 127.0.0.1 at 2013-09-28 11:53:52 -0700


Started GET "/assets/redactor-editor.css?body=1" for 127.0.0.1 at 2013-09-28 11:53:52 -0700


Started GET "/assets/jquery.js?body=1" for 127.0.0.1 at 2013-09-28 11:53:52 -0700


Started GET "/assets/jquery_ujs.js?body=1" for 127.0.0.1 at 2013-09-28 11:53:52 -0700


Started GET "/assets/turbolinks.js?body=1" for 127.0.0.1 at 2013-09-28 11:53:52 -0700


Started GET "/assets/bootstrap.min.js?body=1" for 127.0.0.1 at 2013-09-28 11:53:52 -0700


Started GET "/assets/redactor-editor.js?body=1" for 127.0.0.1 at 2013-09-28 11:53:52 -0700


Started GET "/assets/jquery-ui-timepicker-addon.js?body=1" for 127.0.0.1 at 2013-09-28 11:53:52 -0700


Started GET "/assets/jquery-ui-1.10.1.min.js?body=1" for 127.0.0.1 at 2013-09-28 11:53:52 -0700


Started GET "/assets/application.js?body=1" for 127.0.0.1 at 2013-09-28 11:53:52 -0700


Started GET "/assets/ScratchCMS.png" for 127.0.0.1 at 2013-09-28 11:53:52 -0700


Started GET "/assets/builtfromScratchCMS.png" for 127.0.0.1 at 2013-09-28 11:53:52 -0700


Started GET "/" for 127.0.0.1 at 2013-09-28 11:53:58 -0700
Processing by PagesController#home as HTML
  Rendered pages/home.html.erb within layouts/application (3.1ms)
  [1m[36mUser Load (0.5ms)[0m  [1mSELECT "users".* FROM "users" ORDER BY "users"."id" ASC LIMIT 1[0m
  [1m[35mCACHE (0.0ms)[0m  SELECT "users".* FROM "users" ORDER BY "users"."id" ASC LIMIT 1
  [1m[36mProject Load (0.3ms)[0m  [1mSELECT "projects".* FROM "projects" WHERE "projects"."user_id" = $1 ORDER BY projects.created_at DESC[0m  [["user_id", 1]]
  [1m[35mCACHE (0.0ms)[0m  SELECT "users".* FROM "users" ORDER BY "users"."id" ASC LIMIT 1
  [1m[36mBlog Load (0.2ms)[0m  [1mSELECT "blogs".* FROM "blogs" WHERE "blogs"."user_id" = $1 ORDER BY blogs.created_at DESC[0m  [["user_id", 1]]
  Rendered layouts/_header.html.erb (14.2ms)
  Rendered layouts/_footer.html.erb (6.0ms)
Completed 200 OK in 48ms (Views: 45.2ms | ActiveRecord: 1.1ms)


Started GET "/assets/application.css?body=1" for 127.0.0.1 at 2013-09-28 11:53:59 -0700


Started GET "/assets/bootstrap.css?body=1" for 127.0.0.1 at 2013-09-28 11:53:59 -0700


Started GET "/assets/custom.css?body=1" for 127.0.0.1 at 2013-09-28 11:53:59 -0700


Started GET "/assets/jquery-ui.css?body=1" for 127.0.0.1 at 2013-09-28 11:53:59 -0700


Started GET "/assets/redactor-editor.css?body=1" for 127.0.0.1 at 2013-09-28 11:53:59 -0700


Started GET "/assets/jquery.js?body=1" for 127.0.0.1 at 2013-09-28 11:53:59 -0700


Started GET "/assets/timepicker.css?body=1" for 127.0.0.1 at 2013-09-28 11:53:59 -0700


Started GET "/assets/jquery_ujs.js?body=1" for 127.0.0.1 at 2013-09-28 11:53:59 -0700


Started GET "/assets/turbolinks.js?body=1" for 127.0.0.1 at 2013-09-28 11:53:59 -0700


Started GET "/assets/bootstrap.min.js?body=1" for 127.0.0.1 at 2013-09-28 11:53:59 -0700


Started GET "/assets/jquery-ui-1.10.1.min.js?body=1" for 127.0.0.1 at 2013-09-28 11:53:59 -0700


Started GET "/assets/jquery-ui-timepicker-addon.js?body=1" for 127.0.0.1 at 2013-09-28 11:53:59 -0700


Started GET "/assets/redactor-editor.js?body=1" for 127.0.0.1 at 2013-09-28 11:53:59 -0700


Started GET "/assets/application.js?body=1" for 127.0.0.1 at 2013-09-28 11:53:59 -0700


Started GET "/assets/ScratchCMS.png" for 127.0.0.1 at 2013-09-28 11:53:59 -0700


Started GET "/assets/builtfromScratchCMS.png" for 127.0.0.1 at 2013-09-28 11:53:59 -0700


Started GET "/" for 127.0.0.1 at 2013-09-28 11:57:31 -0700
  [1m[36mActiveRecord::SchemaMigration Load (0.4ms)[0m  [1mSELECT "schema_migrations".* FROM "schema_migrations"[0m
Processing by PagesController#home as HTML
  Rendered pages/home.html.erb within layouts/application (5.2ms)
  [1m[35mUser Load (2.0ms)[0m  SELECT "users".* FROM "users" ORDER BY "users"."id" ASC LIMIT 1
  [1m[36mCACHE (0.1ms)[0m  [1mSELECT "users".* FROM "users" ORDER BY "users"."id" ASC LIMIT 1[0m
DEPRECATION WARNING: Calling #scope or #default_scope with a hash is deprecated. Please use a lambda containing a scope. E.g. scope :red, -> { where(color: 'red') }. (called from <class:Project> at /home/apierce1/projects/website/app/models/project.rb:20)
  [1m[35mProject Load (6.7ms)[0m  SELECT "projects".* FROM "projects" WHERE "projects"."user_id" = $1 ORDER BY projects.created_at DESC  [["user_id", 1]]
  [1m[36mCACHE (0.0ms)[0m  [1mSELECT "users".* FROM "users" ORDER BY "users"."id" ASC LIMIT 1[0m
DEPRECATION WARNING: Calling #scope or #default_scope with a hash is deprecated. Please use a lambda containing a scope. E.g. scope :red, -> { where(color: 'red') }. (called from <class:Blog> at /home/apierce1/projects/website/app/models/blog.rb:21)
  [1m[35mBlog Load (3.5ms)[0m  SELECT "blogs".* FROM "blogs" WHERE "blogs"."user_id" = $1 ORDER BY blogs.created_at DESC  [["user_id", 1]]
  Rendered layouts/_header.html.erb (386.9ms)
  Rendered layouts/_footer.html.erb (3.2ms)
Completed 200 OK in 685ms (Views: 622.7ms | ActiveRecord: 28.1ms)


Started GET "/assets/application.css?body=1" for 127.0.0.1 at 2013-09-28 11:57:32 -0700


Started GET "/assets/bootstrap.css?body=1" for 127.0.0.1 at 2013-09-28 11:57:32 -0700


Started GET "/assets/custom.css?body=1" for 127.0.0.1 at 2013-09-28 11:57:33 -0700


Started GET "/assets/redactor-editor.css?body=1" for 127.0.0.1 at 2013-09-28 11:57:33 -0700


Started GET "/assets/jquery-ui.css?body=1" for 127.0.0.1 at 2013-09-28 11:57:33 -0700


Started GET "/assets/timepicker.css?body=1" for 127.0.0.1 at 2013-09-28 11:57:33 -0700


Started GET "/assets/jquery.js?body=1" for 127.0.0.1 at 2013-09-28 11:57:33 -0700


Started GET "/assets/jquery_ujs.js?body=1" for 127.0.0.1 at 2013-09-28 11:57:33 -0700


Started GET "/assets/turbolinks.js?body=1" for 127.0.0.1 at 2013-09-28 11:57:33 -0700


Started GET "/assets/bootstrap.min.js?body=1" for 127.0.0.1 at 2013-09-28 11:57:33 -0700


Started GET "/assets/jquery-ui-1.10.1.min.js?body=1" for 127.0.0.1 at 2013-09-28 11:57:33 -0700


Started GET "/assets/jquery-ui-timepicker-addon.js?body=1" for 127.0.0.1 at 2013-09-28 11:57:33 -0700


Started GET "/assets/redactor-editor.js?body=1" for 127.0.0.1 at 2013-09-28 11:57:33 -0700


Started GET "/assets/application.js?body=1" for 127.0.0.1 at 2013-09-28 11:57:33 -0700


Started GET "/assets/ScratchCMS.png" for 127.0.0.1 at 2013-09-28 11:57:33 -0700


Started GET "/assets/builtfromScratchCMS.png" for 127.0.0.1 at 2013-09-28 11:57:33 -0700


Started GET "/about" for 127.0.0.1 at 2013-09-28 11:57:35 -0700
Processing by PagesController#about as HTML
  Parameters: {"mode"=>"main"}
  Rendered pages/about.html.erb within layouts/application (2.9ms)
  [1m[36mUser Load (0.5ms)[0m  [1mSELECT "users".* FROM "users" ORDER BY "users"."id" ASC LIMIT 1[0m
  [1m[35mCACHE (0.0ms)[0m  SELECT "users".* FROM "users" ORDER BY "users"."id" ASC LIMIT 1
  [1m[36mProject Load (0.3ms)[0m  [1mSELECT "projects".* FROM "projects" WHERE "projects"."user_id" = $1 ORDER BY projects.created_at DESC[0m  [["user_id", 1]]
  [1m[35mCACHE (0.0ms)[0m  SELECT "users".* FROM "users" ORDER BY "users"."id" ASC LIMIT 1
  [1m[36mBlog Load (0.2ms)[0m  [1mSELECT "blogs".* FROM "blogs" WHERE "blogs"."user_id" = $1 ORDER BY blogs.created_at DESC[0m  [["user_id", 1]]
  Rendered layouts/_header.html.erb (14.1ms)
  Rendered layouts/_footer.html.erb (1.8ms)
Completed 200 OK in 99ms (Views: 96.0ms | ActiveRecord: 1.1ms)


Started GET "/assets/ScratchCMS.png" for 127.0.0.1 at 2013-09-28 11:57:35 -0700


Started GET "/assets/builtfromScratchCMS.png" for 127.0.0.1 at 2013-09-28 11:57:35 -0700


Started GET "/projects/1" for 127.0.0.1 at 2013-09-28 11:57:36 -0700
Processing by ProjectsController#show as HTML
  Parameters: {"id"=>"1"}
  [1m[35mProject Load (1.0ms)[0m  SELECT "projects".* FROM "projects" WHERE "projects"."id" = $1 ORDER BY projects.created_at DESC LIMIT 1  [["id", "1"]]
  Rendered projects/show.html.erb within layouts/application (1.4ms)
  [1m[36mUser Load (0.4ms)[0m  [1mSELECT "users".* FROM "users" ORDER BY "users"."id" ASC LIMIT 1[0m
  [1m[35mCACHE (0.0ms)[0m  SELECT "users".* FROM "users" ORDER BY "users"."id" ASC LIMIT 1
  [1m[36mProject Load (0.3ms)[0m  [1mSELECT "projects".* FROM "projects" WHERE "projects"."user_id" = $1 ORDER BY projects.created_at DESC[0m  [["user_id", 1]]
  [1m[35mCACHE (0.0ms)[0m  SELECT "users".* FROM "users" ORDER BY "users"."id" ASC LIMIT 1
  [1m[36mBlog Load (0.2ms)[0m  [1mSELECT "blogs".* FROM "blogs" WHERE "blogs"."user_id" = $1 ORDER BY blogs.created_at DESC[0m  [["user_id", 1]]
  Rendered layouts/_header.html.erb (12.4ms)
  Rendered layouts/_footer.html.erb (0.7ms)
Completed 200 OK in 51ms (Views: 41.5ms | ActiveRecord: 1.9ms)


Started GET "/assets/builtfromScratchCMS.png" for 127.0.0.1 at 2013-09-28 11:57:36 -0700


Started GET "/about" for 127.0.0.1 at 2013-09-28 11:57:37 -0700
Processing by PagesController#about as HTML
  Parameters: {"mode"=>"main"}
  Rendered pages/about.html.erb within layouts/application (3.8ms)
  [1m[35mUser Load (0.7ms)[0m  SELECT "users".* FROM "users" ORDER BY "users"."id" ASC LIMIT 1
  [1m[36mCACHE (0.0ms)[0m  [1mSELECT "users".* FROM "users" ORDER BY "users"."id" ASC LIMIT 1[0m
  [1m[35mProject Load (0.3ms)[0m  SELECT "projects".* FROM "projects" WHERE "projects"."user_id" = $1 ORDER BY projects.created_at DESC  [["user_id", 1]]
  [1m[36mCACHE (0.0ms)[0m  [1mSELECT "users".* FROM "users" ORDER BY "users"."id" ASC LIMIT 1[0m
  [1m[35mBlog Load (0.2ms)[0m  SELECT "blogs".* FROM "blogs" WHERE "blogs"."user_id" = $1 ORDER BY blogs.created_at DESC  [["user_id", 1]]
  Rendered layouts/_header.html.erb (13.7ms)
  Rendered layouts/_footer.html.erb (0.7ms)
Completed 200 OK in 61ms (Views: 57.4ms | ActiveRecord: 1.3ms)


Started GET "/assets/ScratchCMS.png" for 127.0.0.1 at 2013-09-28 11:57:37 -0700


Started GET "/assets/builtfromScratchCMS.png" for 127.0.0.1 at 2013-09-28 11:57:37 -0700


Started GET "/" for 127.0.0.1 at 2013-09-28 11:57:39 -0700
Processing by PagesController#home as HTML
  Rendered pages/home.html.erb within layouts/application (6.9ms)
  [1m[36mUser Load (0.6ms)[0m  [1mSELECT "users".* FROM "users" ORDER BY "users"."id" ASC LIMIT 1[0m
  [1m[35mCACHE (0.0ms)[0m  SELECT "users".* FROM "users" ORDER BY "users"."id" ASC LIMIT 1
  [1m[36mProject Load (0.3ms)[0m  [1mSELECT "projects".* FROM "projects" WHERE "projects"."user_id" = $1 ORDER BY projects.created_at DESC[0m  [["user_id", 1]]
  [1m[35mCACHE (0.0ms)[0m  SELECT "users".* FROM "users" ORDER BY "users"."id" ASC LIMIT 1
  [1m[36mBlog Load (0.2ms)[0m  [1mSELECT "blogs".* FROM "blogs" WHERE "blogs"."user_id" = $1 ORDER BY blogs.created_at DESC[0m  [["user_id", 1]]
  Rendered layouts/_header.html.erb (77.8ms)
  Rendered layouts/_footer.html.erb (0.7ms)
Completed 200 OK in 112ms (Views: 109.6ms | ActiveRecord: 1.1ms)


Started GET "/assets/application.css?body=1" for 127.0.0.1 at 2013-09-28 11:57:39 -0700


Started GET "/assets/custom.css?body=1" for 127.0.0.1 at 2013-09-28 11:57:39 -0700


Started GET "/assets/jquery-ui.css?body=1" for 127.0.0.1 at 2013-09-28 11:57:39 -0700


Started GET "/assets/jquery.js?body=1" for 127.0.0.1 at 2013-09-28 11:57:39 -0700


Started GET "/assets/redactor-editor.css?body=1" for 127.0.0.1 at 2013-09-28 11:57:39 -0700


Started GET "/assets/timepicker.css?body=1" for 127.0.0.1 at 2013-09-28 11:57:39 -0700


Started GET "/assets/bootstrap.css?body=1" for 127.0.0.1 at 2013-09-28 11:57:39 -0700


Started GET "/assets/jquery_ujs.js?body=1" for 127.0.0.1 at 2013-09-28 11:57:39 -0700


Started GET "/assets/bootstrap.min.js?body=1" for 127.0.0.1 at 2013-09-28 11:57:39 -0700


Started GET "/assets/turbolinks.js?body=1" for 127.0.0.1 at 2013-09-28 11:57:39 -0700


Started GET "/assets/jquery-ui-1.10.1.min.js?body=1" for 127.0.0.1 at 2013-09-28 11:57:39 -0700


Started GET "/assets/jquery-ui-timepicker-addon.js?body=1" for 127.0.0.1 at 2013-09-28 11:57:39 -0700


Started GET "/assets/redactor-editor.js?body=1" for 127.0.0.1 at 2013-09-28 11:57:39 -0700


Started GET "/assets/application.js?body=1" for 127.0.0.1 at 2013-09-28 11:57:39 -0700


Started GET "/assets/ScratchCMS.png" for 127.0.0.1 at 2013-09-28 11:57:39 -0700


Started GET "/assets/builtfromScratchCMS.png" for 127.0.0.1 at 2013-09-28 11:57:39 -0700
